<?xml version="1.0" encoding="UTF-8"?>
<testsuite name="com.java.androidtest.ExampleUnitTest" tests="1" skipped="0" failures="0" errors="0" timestamp="2020-04-26T04:16:45" hostname="lijingtingdeMacBook-Pro.local" time="0.003">
  <properties/>
  <testcase name="addition_isCorrect" classname="com.java.androidtest.ExampleUnitTest" time="0.003"/>
  <system-out><![CDATA[]]></system-out>
  <system-err><![CDATA[]]></system-err>
</testsuite>
